[debug] [2025-03-04T05:38:17.438Z] ----------------------------------------------------------------------
[debug] [2025-03-04T05:38:17.448Z] Command:       C:\nvm4w\nodejs\node.exe C:\nvm4w\nodejs\node_modules\firebase-tools\lib\bin\firebase.js init apphosting
[debug] [2025-03-04T05:38:17.448Z] CLI Version:   13.31.2
[debug] [2025-03-04T05:38:17.448Z] Platform:      win32
[debug] [2025-03-04T05:38:17.448Z] Node Version:  v20.18.3
[debug] [2025-03-04T05:38:17.449Z] Time:          Tue Mar 04 2025 00:38:17 GMT-0500 (hora estándar de Perú)
[debug] [2025-03-04T05:38:17.449Z] ----------------------------------------------------------------------
[debug] 
[debug] [2025-03-04T05:38:17.461Z] >>> [apiv2][query] GET https://firebase-public.firebaseio.com/cli.json [none]
[debug] [2025-03-04T05:38:17.498Z] > command requires scopes: ["email","openid","https://www.googleapis.com/auth/cloudplatformprojects.readonly","https://www.googleapis.com/auth/firebase","https://www.googleapis.com/auth/cloud-platform"]
[debug] [2025-03-04T05:38:17.499Z] > authorizing via signed-in user (derek@jarvisdigital.net)
[info] 
     ######## #### ########  ######## ########     ###     ######  ########
     ##        ##  ##     ## ##       ##     ##  ##   ##  ##       ##
     ######    ##  ########  ######   ########  #########  ######  ######
     ##        ##  ##    ##  ##       ##     ## ##     ##       ## ##
     ##       #### ##     ## ######## ########  ##     ##  ######  ########

You're about to initialize a Firebase project in this directory:

  D:\Analitika Cloud\NextJs-Projects\rip-dm-proob

[debug] [2025-03-04T05:38:17.994Z] <<< [apiv2][status] GET https://firebase-public.firebaseio.com/cli.json 200
[debug] [2025-03-04T05:38:17.994Z] <<< [apiv2][body] GET https://firebase-public.firebaseio.com/cli.json {"cloudBuildErrorAfter":1594252800000,"cloudBuildWarnAfter":1590019200000,"defaultNode10After":1594252800000,"minVersion":"3.0.5","node8DeploysDisabledAfter":1613390400000,"node8RuntimeDisabledAfter":1615809600000,"node8WarnAfter":1600128000000}
[info] 
=== Project Setup
[info] 
[info] First, let's associate this project directory with a Firebase project.
[info] You can create multiple project aliases by running firebase use --add, 
[info] but for now we'll just set up a default project.
[info] 
[debug] [2025-03-04T05:38:43.442Z] Using project from CLI flag: rip-dashboard-manager-frontend
[debug] [2025-03-04T05:38:43.443Z] Checked if tokens are valid: false, expires at: 1740119473246
[debug] [2025-03-04T05:38:43.443Z] Checked if tokens are valid: false, expires at: 1740119473246
[debug] [2025-03-04T05:38:43.444Z] > refreshing access token with scopes: []
[debug] [2025-03-04T05:38:43.445Z] >>> [apiv2][query] POST https://www.googleapis.com/oauth2/v3/token [none]
[debug] [2025-03-04T05:38:43.445Z] >>> [apiv2][body] POST https://www.googleapis.com/oauth2/v3/token [omitted]
[debug] [2025-03-04T05:38:43.713Z] <<< [apiv2][status] POST https://www.googleapis.com/oauth2/v3/token 400
[debug] [2025-03-04T05:38:43.713Z] <<< [apiv2][body] POST https://www.googleapis.com/oauth2/v3/token [omitted]
[error] Authentication Error: Your credentials are no longer valid. Please run firebase login --reauth

For CI servers and headless environments, generate a new token with firebase login:ci
[error] Authentication Error: Your credentials are no longer valid. Please run firebase login --reauth

For CI servers and headless environments, generate a new token with firebase login:ci
[debug] [2025-03-04T05:38:43.714Z] Authentication Error: Your credentials are no longer valid. Please run firebase login --reauth

For CI servers and headless environments, generate a new token with firebase login:ci
[debug] [2025-03-04T05:38:43.714Z] FirebaseError: Authentication Error: Your credentials are no longer valid. Please run firebase login --reauth

For CI servers and headless environments, generate a new token with firebase login:ci
    at invalidCredentialError (C:\Users\EDGAR\AppData\Local\nvm\v20.18.3\node_modules\firebase-tools\lib\auth.js:147:12)
    at refreshTokens (C:\Users\EDGAR\AppData\Local\nvm\v20.18.3\node_modules\firebase-tools\lib\auth.js:539:15)
    at process.processTicksAndRejections (node:internal/process/task_queues:95:5)
    at async getAccessToken (C:\Users\EDGAR\AppData\Local\nvm\v20.18.3\node_modules\firebase-tools\lib\apiv2.js:42:18)
    at async Client.addAuthHeader (C:\Users\EDGAR\AppData\Local\nvm\v20.18.3\node_modules\firebase-tools\lib\apiv2.js:169:21)
    at async Client.request (C:\Users\EDGAR\AppData\Local\nvm\v20.18.3\node_modules\firebase-tools\lib\apiv2.js:120:34)
    at async getFirebaseProject (C:\Users\EDGAR\AppData\Local\nvm\v20.18.3\node_modules\firebase-tools\lib\management\projects.js:322:21)
    at async doSetup (C:\Users\EDGAR\AppData\Local\nvm\v20.18.3\node_modules\firebase-tools\lib\init\features\project.js:86:27)
    at async init (C:\Users\EDGAR\AppData\Local\nvm\v20.18.3\node_modules\firebase-tools\lib\init\index.js:41:9)
[error] 
[error] Error: Failed to get Firebase project rip-dashboard-manager-frontend. Please make sure the project exists and your account has permission to access it.
